# JRE version: Java(TM) SE Runtime Environment (8.0_211-b12) (build 1.8.0_211-b12)
# Java VM: Java HotSpot(TM) 64-Bit Server VM (25.211-b12 mixed mode windows-amd64 compressed oops)
Heap:
 PSYoungGen      total 295936K, used 69101K [0x00000000d5b80000, 0x00000000e8f00000, 0x0000000100000000)
  eden space 283136K, 23% used [0x00000000d5b80000,0x00000000d9b46ae0,0x00000000e7000000)
  from space 12800K, 29% used [0x00000000e7c00000,0x00000000e7fb4948,0x00000000e8880000)
  to   space 6656K, 0% used [0x00000000e8880000,0x00000000e8880000,0x00000000e8f00000)
 ParOldGen       total 198144K, used 106185K [0x0000000081200000, 0x000000008d380000, 0x00000000d5b80000)
  object space 198144K, 53% used [0x0000000081200000,0x00000000879b2560,0x000000008d380000)
 Metaspace       used 49631K, capacity 52030K, committed 52736K, reserved 1095680K
  class space    used 6774K, capacity 7222K, committed 7424K, reserved 1048576K
GC Heap History (10 events):
Event: 39.019 GC heap before
{Heap before GC invocations=10 (full 1):
 PSYoungGen      total 215040K, used 51467K [0x00000000d5b80000, 0x00000000e4a80000, 0x0000000100000000)
  eden space 204800K, 20% used [0x00000000d5b80000,0x00000000d83c77c8,0x00000000e2380000)
  from space 10240K, 99% used [0x00000000e3000000,0x00000000e39fb620,0x00000000e3a00000)
  to   space 12800K, 0% used [0x00000000e2380000,0x00000000e2380000,0x00000000e3000000)
 ParOldGen       total 50176K, used 10983K [0x0000000081200000, 0x0000000084300000, 0x00000000d5b80000)
  object space 50176K, 21% used [0x0000000081200000,0x0000000081cb9de8,0x0000000084300000)
 Metaspace       used 33880K, capacity 35448K, committed 35496K, reserved 1079296K
  class space    used 4505K, capacity 4838K, committed 4864K, reserved 1048576K
Event: 39.029 GC heap after
Heap after GC invocations=10 (full 1):
 PSYoungGen      total 217600K, used 10603K [0x00000000d5b80000, 0x00000000e9800000, 0x0000000100000000)
  eden space 204800K, 0% used [0x00000000d5b80000,0x00000000d5b80000,0x00000000e2380000)
  from space 12800K, 82% used [0x00000000e2380000,0x00000000e2ddada0,0x00000000e3000000)
  to   space 13824K, 0% used [0x00000000e8a80000,0x00000000e8a80000,0x00000000e9800000)
 ParOldGen       total 50176K, used 12704K [0x0000000081200000, 0x0000000084300000, 0x00000000d5b80000)
  object space 50176K, 25% used [0x0000000081200000,0x0000000081e683a8,0x0000000084300000)
 Metaspace       used 33880K, capacity 35448K, committed 35496K, reserved 1079296K
  class space    used 4505K, capacity 4838K, committed 4864K, reserved 1048576K
}
Event: 39.029 GC heap before
{Heap before GC invocations=11 (full 2):
 PSYoungGen      total 217600K, used 10603K [0x00000000d5b80000, 0x00000000e9800000, 0x0000000100000000)
  eden space 204800K, 0% used [0x00000000d5b80000,0x00000000d5b80000,0x00000000e2380000)
  from space 12800K, 82% used [0x00000000e2380000,0x00000000e2ddada0,0x00000000e3000000)
  to   space 13824K, 0% used [0x00000000e8a80000,0x00000000e8a80000,0x00000000e9800000)
 ParOldGen       total 50176K, used 12704K [0x0000000081200000, 0x0000000084300000, 0x00000000d5b80000)
  object space 50176K, 25% used [0x0000000081200000,0x0000000081e683a8,0x0000000084300000)
 Metaspace       used 33880K, capacity 35448K, committed 35496K, reserved 1079296K
  class space    used 4505K, capacity 4838K, committed 4864K, reserved 1048576K
Event: 39.113 GC heap after
Heap after GC invocations=11 (full 2):
 PSYoungGen      total 217600K, used 0K [0x00000000d5b80000, 0x00000000e9800000, 0x0000000100000000)
  eden space 204800K, 0% used [0x00000000d5b80000,0x00000000d5b80000,0x00000000e2380000)
  from space 12800K, 0% used [0x00000000e2380000,0x00000000e2380000,0x00000000e3000000)
  to   space 13824K, 0% used [0x00000000e8a80000,0x00000000e8a80000,0x00000000e9800000)
 ParOldGen       total 70144K, used 17419K [0x0000000081200000, 0x0000000085680000, 0x00000000d5b80000)
  object space 70144K, 24% used [0x0000000081200000,0x0000000082302d28,0x0000000085680000)
 Metaspace       used 33880K, capacity 35448K, committed 35496K, reserved 1079296K
  class space    used 4505K, capacity 4838K, committed 4864K, reserved 1048576K
}
Event: 53.727 GC heap before
{Heap before GC invocations=12 (full 2):
 PSYoungGen      total 217600K, used 204800K [0x00000000d5b80000, 0x00000000e9800000, 0x0000000100000000)
  eden space 204800K, 100% used [0x00000000d5b80000,0x00000000e2380000,0x00000000e2380000)
  from space 12800K, 0% used [0x00000000e2380000,0x00000000e2380000,0x00000000e3000000)
  to   space 13824K, 0% used [0x00000000e8a80000,0x00000000e8a80000,0x00000000e9800000)
 ParOldGen       total 70144K, used 17419K [0x0000000081200000, 0x0000000085680000, 0x00000000d5b80000)
  object space 70144K, 24% used [0x0000000081200000,0x0000000082302d28,0x0000000085680000)
 Metaspace       used 43965K, capacity 45842K, committed 46080K, reserved 1089536K
  class space    used 5941K, capacity 6308K, committed 6400K, reserved 1048576K
Event: 53.759 GC heap after
Heap after GC invocations=12 (full 2):
 PSYoungGen      total 309248K, used 13133K [0x00000000d5b80000, 0x00000000e9a00000, 0x0000000100000000)
  eden space 295424K, 0% used [0x00000000d5b80000,0x00000000d5b80000,0x00000000e7c00000)
  from space 13824K, 95% used [0x00000000e8a80000,0x00000000e97536a0,0x00000000e9800000)
  to   space 14848K, 0% used [0x00000000e7c00000,0x00000000e7c00000,0x00000000e8a80000)
 ParOldGen       total 70144K, used 17427K [0x0000000081200000, 0x0000000085680000, 0x00000000d5b80000)
  object space 70144K, 24% used [0x0000000081200000,0x0000000082304d28,0x0000000085680000)
 Metaspace       used 43965K, capacity 45842K, committed 46080K, reserved 1089536K
  class space    used 5941K, capacity 6308K, committed 6400K, reserved 1048576K
}
Event: 2806.469 GC heap before
{Heap before GC invocations=13 (full 2):
 PSYoungGen      total 309248K, used 308557K [0x00000000d5b80000, 0x00000000e9a00000, 0x0000000100000000)
  eden space 295424K, 100% used [0x00000000d5b80000,0x00000000e7c00000,0x00000000e7c00000)
  from space 13824K, 95% used [0x00000000e8a80000,0x00000000e97536a0,0x00000000e9800000)
  to   space 14848K, 0% used [0x00000000e7c00000,0x00000000e7c00000,0x00000000e8a80000)
 ParOldGen       total 70144K, used 17427K [0x0000000081200000, 0x0000000085680000, 0x00000000d5b80000)
  object space 70144K, 24% used [0x0000000081200000,0x0000000082304d28,0x0000000085680000)
 Metaspace       used 49977K, capacity 52594K, committed 52736K, reserved 1095680K
  class space    used 6830K, capacity 7322K, committed 7424K, reserved 1048576K
Event: 2806.708 GC heap after
Heap after GC invocations=13 (full 2):
 PSYoungGen      total 295936K, used 12756K [0x00000000d5b80000, 0x00000000e8f00000, 0x0000000100000000)
  eden space 283136K, 0% used [0x00000000d5b80000,0x00000000d5b80000,0x00000000e7000000)
  from space 12800K, 99% used [0x00000000e7c00000,0x00000000e88753e0,0x00000000e8880000)
  to   space 6656K, 0% used [0x00000000e8880000,0x00000000e8880000,0x00000000e8f00000)
 ParOldGen       total 106496K, used 105430K [0x0000000081200000, 0x0000000087a00000, 0x00000000d5b80000)
  object space 106496K, 98% used [0x0000000081200000,0x00000000878f5860,0x0000000087a00000)
 Metaspace       used 49977K, capacity 52594K, committed 52736K, reserved 1095680K
  class space    used 6830K, capacity 7322K, committed 7424K, reserved 1048576K
}
Event: 2806.710 GC heap before
{Heap before GC invocations=14 (full 3):
 PSYoungGen      total 295936K, used 12756K [0x00000000d5b80000, 0x00000000e8f00000, 0x0000000100000000)
  eden space 283136K, 0% used [0x00000000d5b80000,0x00000000d5b80000,0x00000000e7000000)
  from space 12800K, 99% used [0x00000000e7c00000,0x00000000e88753e0,0x00000000e8880000)
  to   space 6656K, 0% used [0x00000000e8880000,0x00000000e8880000,0x00000000e8f00000)
 ParOldGen       total 106496K, used 105430K [0x0000000081200000, 0x0000000087a00000, 0x00000000d5b80000)
  object space 106496K, 98% used [0x0000000081200000,0x00000000878f5860,0x0000000087a00000)
 Metaspace       used 49977K, capacity 52594K, committed 52736K, reserved 1095680K
  class space    used 6830K, capacity 7322K, committed 7424K, reserved 1048576K
Event: 2807.284 GC heap after
Heap after GC invocations=14 (full 3):
 PSYoungGen      total 295936K, used 3794K [0x00000000d5b80000, 0x00000000e8f00000, 0x0000000100000000)
  eden space 283136K, 0% used [0x00000000d5b80000,0x00000000d5b80000,0x00000000e7000000)
  from space 12800K, 29% used [0x00000000e7c00000,0x00000000e7fb4948,0x00000000e8880000)
  to   space 6656K, 0% used [0x00000000e8880000,0x00000000e8880000,0x00000000e8f00000)
 ParOldGen       total 198144K, used 106185K [0x0000000081200000, 0x000000008d380000, 0x00000000d5b80000)
  object space 198144K, 53% used [0x0000000081200000,0x00000000879b2560,0x000000008d380000)
 Metaspace       used 49628K, capacity 52030K, committed 52736K, reserved 1095680K
  class space    used 6774K, capacity 7222K, committed 7424K, reserved 1048576K
}

